<?xml version="1.0" encoding="UTF-8"?>
<!-- Generated by org.testng.reporters.JUnitXMLReporter -->
<testsuite ignored="0" hostname="LAPTOP-HP22FQ6U" failures="0" tests="6" name="Default test" time="47.7" errors="0" timestamp="2024-11-30T00:21:18 ICT">
  <testcase classname="periplusCartTest.tests.ShoppingCartTest" name="testNavigateToHomePage" time="4.559"/>
  <testcase classname="periplusCartTest.tests.ShoppingCartTest" name="testNavigateToSignIn" time="0.343"/>
  <testcase classname="periplusCartTest.tests.ShoppingCartTest" name="testFillLoginForm" time="9.634"/>
  <testcase classname="periplusCartTest.tests.ShoppingCartTest" name="testSearchAndSelectProduct" time="10.795"/>
  <testcase classname="periplusCartTest.tests.ShoppingCartTest" name="testAddProductToCart" time="7.152"/>
  <testcase classname="periplusCartTest.tests.ShoppingCartTest" name="testProductInCart" time="13.614"/>
</testsuite> <!-- Default test -->
