<?xml version="1.0" encoding="UTF-8"?>
<testng-results ignored="0" total="6" passed="6" failed="0" skipped="0">
  <reporter-output>
  </reporter-output>
  <suite started-at="2024-11-30T00:20:30 ICT" name="Default suite" finished-at="2024-11-30T00:21:18 ICT" duration-ms="47700">
    <groups>
    </groups>
    <test started-at="2024-11-30T00:20:30 ICT" name="Default test" finished-at="2024-11-30T00:21:18 ICT" duration-ms="47700">
      <class name="periplusCartTest.tests.ShoppingCartTest">
        <test-method is-config="true" signature="setUp()[pri:0, instance:periplusCartTest.tests.ShoppingCartTest@47c81abf]" started-at="2024-11-30T00:20:30 ICT" name="setUp" finished-at="2024-11-30T00:20:31 ICT" duration-ms="1080" status="PASS">
          <reporter-output>
          </reporter-output>
        </test-method> <!-- setUp -->
        <test-method signature="testNavigateToHomePage()[pri:1, instance:periplusCartTest.tests.ShoppingCartTest@47c81abf]" started-at="2024-11-30T00:20:31 ICT" name="testNavigateToHomePage" finished-at="2024-11-30T00:20:36 ICT" duration-ms="4559" status="PASS">
          <reporter-output>
          </reporter-output>
        </test-method> <!-- testNavigateToHomePage -->
        <test-method signature="testNavigateToSignIn()[pri:2, instance:periplusCartTest.tests.ShoppingCartTest@47c81abf]" started-at="2024-11-30T00:20:36 ICT" name="testNavigateToSignIn" finished-at="2024-11-30T00:20:36 ICT" duration-ms="343" status="PASS">
          <reporter-output>
          </reporter-output>
        </test-method> <!-- testNavigateToSignIn -->
        <test-method signature="testFillLoginForm()[pri:3, instance:periplusCartTest.tests.ShoppingCartTest@47c81abf]" started-at="2024-11-30T00:20:36 ICT" name="testFillLoginForm" finished-at="2024-11-30T00:20:46 ICT" duration-ms="9634" status="PASS">
          <reporter-output>
          </reporter-output>
        </test-method> <!-- testFillLoginForm -->
        <test-method signature="testSearchAndSelectProduct()[pri:4, instance:periplusCartTest.tests.ShoppingCartTest@47c81abf]" started-at="2024-11-30T00:20:46 ICT" name="testSearchAndSelectProduct" finished-at="2024-11-30T00:20:57 ICT" duration-ms="10795" status="PASS">
          <reporter-output>
          </reporter-output>
        </test-method> <!-- testSearchAndSelectProduct -->
        <test-method signature="testAddProductToCart()[pri:5, instance:periplusCartTest.tests.ShoppingCartTest@47c81abf]" started-at="2024-11-30T00:20:57 ICT" name="testAddProductToCart" finished-at="2024-11-30T00:21:04 ICT" duration-ms="7152" status="PASS">
          <reporter-output>
          </reporter-output>
        </test-method> <!-- testAddProductToCart -->
        <test-method signature="testProductInCart()[pri:6, instance:periplusCartTest.tests.ShoppingCartTest@47c81abf]" started-at="2024-11-30T00:21:04 ICT" name="testProductInCart" finished-at="2024-11-30T00:21:17 ICT" duration-ms="13614" status="PASS">
          <reporter-output>
          </reporter-output>
        </test-method> <!-- testProductInCart -->
        <test-method is-config="true" signature="tearDown()[pri:0, instance:periplusCartTest.tests.ShoppingCartTest@47c81abf]" started-at="2024-11-30T00:21:17 ICT" name="tearDown" finished-at="2024-11-30T00:21:18 ICT" duration-ms="471" status="PASS">
          <reporter-output>
          </reporter-output>
        </test-method> <!-- tearDown -->
      </class> <!-- periplusCartTest.tests.ShoppingCartTest -->
    </test> <!-- Default test -->
  </suite> <!-- Default suite -->
</testng-results>
